<?xml version="1.0" encoding="UTF-8"?>
<!-- Generated by org.testng.reporters.JUnitReportReporter -->
<testsuite hostname="ThinkPad-X230" name="tv.zhiping.mec.testdata.CSVReaderTest" tests="1" failures="0" timestamp="21 Aug 2014 08:07:19 GMT" time="0.038" errors="0">
  <testcase name="f" time="0.038" classname="tv.zhiping.mec.testdata.CSVReaderTest"/>
</testsuite> <!-- tv.zhiping.mec.testdata.CSVReaderTest -->
