<?xml version="1.0" encoding="UTF-8"?>
<!-- Generated by org.testng.reporters.JUnitReportReporter -->
<testsuite hostname="ThinkPad-X230" name="tv.zhiping.mec.testcase.NewTestNgTest" tests="1" failures="0" timestamp="25 Aug 2014 07:19:03 GMT" time="0.678" errors="0">
  <testcase name="getFeedTest" time="0.678" classname="tv.zhiping.mec.testcase.NewTestNgTest"/>
</testsuite> <!-- tv.zhiping.mec.testcase.NewTestNgTest -->
