<?xml version="1.0" encoding="UTF-8"?>
<!-- Generated by org.testng.reporters.JUnitReportReporter -->
<testsuite hostname="ThinkPad-X230" name="tv.zhiping.mec.testcase.NewTestNgTest2" tests="2" failures="0" timestamp="19 Aug 2014 14:31:38 GMT" time="0.013" errors="0">
  <testcase name="verifyData1" time="0.001" classname="tv.zhiping.mec.testcase.NewTestNgTest2"/>
  <testcase name="verifyData1" time="0.012" classname="tv.zhiping.mec.testcase.NewTestNgTest2"/>
</testsuite> <!-- tv.zhiping.mec.testcase.NewTestNgTest2 -->
