<?xml version="1.0" encoding="UTF-8"?>
<!-- Generated by org.testng.reporters.JUnitReportReporter -->
<testsuite hostname="ThinkPad-X230" name="invaild.testcase2" tests="1" failures="0" timestamp="25 Aug 2014 08:44:09 GMT" time="0.012" errors="0">
  <testcase name="test" time="0.012" classname="invaild.testcase2"/>
</testsuite> <!-- invaild.testcase2 -->
