<?xml version="1.0" encoding="UTF-8"?>
<!-- Generated by org.testng.reporters.JUnitReportReporter -->
<testsuite hostname="ThinkPad-X230" name="tv.zhiping.mec.testcase.JsonTest" tests="1" failures="0" timestamp="24 Aug 2014 16:09:26 GMT" time="0.205" errors="0">
  <testcase name="f" time="0.205" classname="tv.zhiping.mec.testcase.JsonTest"/>
</testsuite> <!-- tv.zhiping.mec.testcase.JsonTest -->
