<?xml version="1.0" encoding="UTF-8"?>
<!-- Generated by org.testng.reporters.JUnitReportReporter -->
<testsuite hostname="ThinkPad-X230" name="tv.zhiping.mectest.script.NewTestNgTest" tests="1" failures="0" timestamp="19 Aug 2014 07:25:41 GMT" time="0.605" errors="0">
  <testcase name="f" time="0.605" classname="tv.zhiping.mectest.script.NewTestNgTest"/>
</testsuite> <!-- tv.zhiping.mectest.script.NewTestNgTest -->
